app/build/intermediates/manifest_merge_blame_file/release/processReleaseMainManifest/manifest-merger-blame-release-report.txt
1<?xml version="1.0" encoding="utf-8"?>
2<manifest xmlns:android="http://schemas.android.com/apk/res/android"
3    package="com.example.cabinetconfigurator"
4    android:versionCode="1"
5    android:versionName="1.0" >
6
7    <uses-sdk
8        android:minSdkVersion="26"
9        android:targetSdkVersion="34" />
10
11    <uses-permission android:name="android.permission.INTERNET" />
11-->src\main\AndroidManifest.xml:4:5-67
11-->src\main\AndroidManifest.xml:4:22-64
12    <uses-permission android:name="android.permission.WAKE_LOCK" />
12-->[androidx.work:work-runtime:2.9.0] AndroidManifest.xml:23:5-68
12-->[androidx.work:work-runtime:2.9.0] AndroidManifest.xml:23:22-65
13    <uses-permission android:name="android.permission.ACCESS_NETWORK_STATE" />
13-->[androidx.work:work-runtime:2.9.0] AndroidManifest.xml:24:5-79
13-->[androidx.work:work-runtime:2.9.0] AndroidManifest.xml:24:22-76
14    <uses-permission android:name="android.permission.RECEIVE_BOOT_COMPLETED" />
14-->[androidx.work:work-runtime:2.9.0] AndroidManifest.xml:25:5-81
14-->[androidx.work:work-runtime:2.9.0] AndroidManifest.xml:25:22-78
15    <uses-permission android:name="android.permission.FOREGROUND_SERVICE" />
15-->[androidx.work:work-runtime:2.9.0] AndroidManifest.xml:26:5-77
15-->[androidx.work:work-runtime:2.9.0] AndroidManifest.xml:26:22-74
16
17    <permission
17-->[androidx.core:core:1.13.1] AndroidManifest.xml:22:5-24:47
18        android:name="com.example.cabinetconfigurator.DYNAMIC_RECEIVER_NOT_EXPORTED_PERMISSION"
18-->[androidx.core:core:1.13.1] AndroidManifest.xml:23:9-81
19        android:protectionLevel="signature" />
19-->[androidx.core:core:1.13.1] AndroidManifest.xml:24:9-44
20
21    <uses-permission android:name="com.example.cabinetconfigurator.DYNAMIC_RECEIVER_NOT_EXPORTED_PERMISSION" />
21-->[androidx.core:core:1.13.1] AndroidManifest.xml:26:5-97
21-->[androidx.core:core:1.13.1] AndroidManifest.xml:26:22-94
22
23    <application
23-->src\main\AndroidManifest.xml:7:1-20:19
24        android:allowBackup="true"
24-->src\main\AndroidManifest.xml:8:5-31
25        android:appComponentFactory="androidx.core.app.CoreComponentFactory"
25-->[androidx.core:core:1.13.1] AndroidManifest.xml:28:18-86
26        android:extractNativeLibs="false"
27        android:label="CabinetConfigurator"
27-->src\main\AndroidManifest.xml:9:5-40
28        android:supportsRtl="true"
28-->src\main\AndroidManifest.xml:10:5-31
29        android:theme="@style/Theme.CabinetConfigurator" >
29-->src\main\AndroidManifest.xml:11:5-53
30        <activity
30-->src\main\AndroidManifest.xml:12:9-19:20
31            android:name="com.example.cabinetconfigurator.MainActivity"
31-->src\main\AndroidManifest.xml:13:13-41
32            android:exported="true" >
32-->src\main\AndroidManifest.xml:14:13-36
33            <intent-filter>
33-->src\main\AndroidManifest.xml:15:13-18:29
34                <action android:name="android.intent.action.MAIN" />
34-->src\main\AndroidManifest.xml:16:17-69
34-->src\main\AndroidManifest.xml:16:25-66
35
36                <category android:name="android.intent.category.LAUNCHER" />
36-->src\main\AndroidManifest.xml:17:17-77
36-->src\main\AndroidManifest.xml:17:27-74
37            </intent-filter>
38        </activity>
39
40        <provider
40-->[androidx.work:work-runtime:2.9.0] AndroidManifest.xml:29:9-37:20
41            android:name="androidx.startup.InitializationProvider"
41-->[androidx.work:work-runtime:2.9.0] AndroidManifest.xml:30:13-67
42            android:authorities="com.example.cabinetconfigurator.androidx-startup"
42-->[androidx.work:work-runtime:2.9.0] AndroidManifest.xml:31:13-68
43            android:exported="false" >
43-->[androidx.work:work-runtime:2.9.0] AndroidManifest.xml:32:13-37
44            <meta-data
44-->[androidx.work:work-runtime:2.9.0] AndroidManifest.xml:34:13-36:52
45                android:name="androidx.work.WorkManagerInitializer"
45-->[androidx.work:work-runtime:2.9.0] AndroidManifest.xml:35:17-68
46                android:value="androidx.startup" />
46-->[androidx.work:work-runtime:2.9.0] AndroidManifest.xml:36:17-49
47            <meta-data
47-->[androidx.emoji2:emoji2:1.3.0] AndroidManifest.xml:29:13-31:52
48                android:name="androidx.emoji2.text.EmojiCompatInitializer"
48-->[androidx.emoji2:emoji2:1.3.0] AndroidManifest.xml:30:17-75
49                android:value="androidx.startup" />
49-->[androidx.emoji2:emoji2:1.3.0] AndroidManifest.xml:31:17-49
50            <meta-data
50-->[androidx.lifecycle:lifecycle-process:2.8.3] AndroidManifest.xml:29:13-31:52
51                android:name="androidx.lifecycle.ProcessLifecycleInitializer"
51-->[androidx.lifecycle:lifecycle-process:2.8.3] AndroidManifest.xml:30:17-78
52                android:value="androidx.startup" />
52-->[androidx.lifecycle:lifecycle-process:2.8.3] AndroidManifest.xml:31:17-49
53            <meta-data
53-->[androidx.profileinstaller:profileinstaller:1.3.1] AndroidManifest.xml:29:13-31:52
54                android:name="androidx.profileinstaller.ProfileInstallerInitializer"
54-->[androidx.profileinstaller:profileinstaller:1.3.1] AndroidManifest.xml:30:17-85
55                android:value="androidx.startup" />
55-->[androidx.profileinstaller:profileinstaller:1.3.1] AndroidManifest.xml:31:17-49
56        </provider>
57
58        <service
58-->[androidx.work:work-runtime:2.9.0] AndroidManifest.xml:39:9-45:35
59            android:name="androidx.work.impl.background.systemalarm.SystemAlarmService"
59-->[androidx.work:work-runtime:2.9.0] AndroidManifest.xml:40:13-88
60            android:directBootAware="false"
60-->[androidx.work:work-runtime:2.9.0] AndroidManifest.xml:41:13-44
61            android:enabled="@bool/enable_system_alarm_service_default"
61-->[androidx.work:work-runtime:2.9.0] AndroidManifest.xml:42:13-72
62            android:exported="false" />
62-->[androidx.work:work-runtime:2.9.0] AndroidManifest.xml:43:13-37
63        <service
63-->[androidx.work:work-runtime:2.9.0] AndroidManifest.xml:46:9-52:35
64            android:name="androidx.work.impl.background.systemjob.SystemJobService"
64-->[androidx.work:work-runtime:2.9.0] AndroidManifest.xml:47:13-84
65            android:directBootAware="false"
65-->[androidx.work:work-runtime:2.9.0] AndroidManifest.xml:48:13-44
66            android:enabled="@bool/enable_system_job_service_default"
66-->[androidx.work:work-runtime:2.9.0] AndroidManifest.xml:49:13-70
67            android:exported="true"
67-->[androidx.work:work-runtime:2.9.0] AndroidManifest.xml:50:13-36
68            android:permission="android.permission.BIND_JOB_SERVICE" />
68-->[androidx.work:work-runtime:2.9.0] AndroidManifest.xml:51:13-69
69        <service
69-->[androidx.work:work-runtime:2.9.0] AndroidManifest.xml:53:9-59:35
70            android:name="androidx.work.impl.foreground.SystemForegroundService"
70-->[androidx.work:work-runtime:2.9.0] AndroidManifest.xml:54:13-81
71            android:directBootAware="false"
71-->[androidx.work:work-runtime:2.9.0] AndroidManifest.xml:55:13-44
72            android:enabled="@bool/enable_system_foreground_service_default"
72-->[androidx.work:work-runtime:2.9.0] AndroidManifest.xml:56:13-77
73            android:exported="false" />
73-->[androidx.work:work-runtime:2.9.0] AndroidManifest.xml:57:13-37
74
75        <receiver
75-->[androidx.work:work-runtime:2.9.0] AndroidManifest.xml:61:9-66:35
76            android:name="androidx.work.impl.utils.ForceStopRunnable$BroadcastReceiver"
76-->[androidx.work:work-runtime:2.9.0] AndroidManifest.xml:62:13-88
77            android:directBootAware="false"
77-->[androidx.work:work-runtime:2.9.0] AndroidManifest.xml:63:13-44
78            android:enabled="true"
78-->[androidx.work:work-runtime:2.9.0] AndroidManifest.xml:64:13-35
79            android:exported="false" />
79-->[androidx.work:work-runtime:2.9.0] AndroidManifest.xml:65:13-37
80        <receiver
80-->[androidx.work:work-runtime:2.9.0] AndroidManifest.xml:67:9-77:20
81            android:name="androidx.work.impl.background.systemalarm.ConstraintProxy$BatteryChargingProxy"
81-->[androidx.work:work-runtime:2.9.0] AndroidManifest.xml:68:13-106
82            android:directBootAware="false"
82-->[androidx.work:work-runtime:2.9.0] AndroidManifest.xml:69:13-44
83            android:enabled="false"
83-->[androidx.work:work-runtime:2.9.0] AndroidManifest.xml:70:13-36
84            android:exported="false" >
84-->[androidx.work:work-runtime:2.9.0] AndroidManifest.xml:71:13-37
85            <intent-filter>
85-->[androidx.work:work-runtime:2.9.0] AndroidManifest.xml:73:13-76:29
86                <action android:name="android.intent.action.ACTION_POWER_CONNECTED" />
86-->[androidx.work:work-runtime:2.9.0] AndroidManifest.xml:74:17-87
86-->[androidx.work:work-runtime:2.9.0] AndroidManifest.xml:74:25-84
87                <action android:name="android.intent.action.ACTION_POWER_DISCONNECTED" />
87-->[androidx.work:work-runtime:2.9.0] AndroidManifest.xml:75:17-90
87-->[androidx.work:work-runtime:2.9.0] AndroidManifest.xml:75:25-87
88            </intent-filter>
89        </receiver>
90        <receiver
90-->[androidx.work:work-runtime:2.9.0] AndroidManifest.xml:78:9-88:20
91            android:name="androidx.work.impl.background.systemalarm.ConstraintProxy$BatteryNotLowProxy"
91-->[androidx.work:work-runtime:2.9.0] AndroidManifest.xml:79:13-104
92            android:directBootAware="false"
92-->[androidx.work:work-runtime:2.9.0] AndroidManifest.xml:80:13-44
93            android:enabled="false"
93-->[androidx.work:work-runtime:2.9.0] AndroidManifest.xml:81:13-36
94            android:exported="false" >
94-->[androidx.work:work-runtime:2.9.0] AndroidManifest.xml:82:13-37
95            <intent-filter>
95-->[androidx.work:work-runtime:2.9.0] AndroidManifest.xml:84:13-87:29
96                <action android:name="android.intent.action.BATTERY_OKAY" />
96-->[androidx.work:work-runtime:2.9.0] AndroidManifest.xml:85:17-77
96-->[androidx.work:work-runtime:2.9.0] AndroidManifest.xml:85:25-74
97                <action android:name="android.intent.action.BATTERY_LOW" />
97-->[androidx.work:work-runtime:2.9.0] AndroidManifest.xml:86:17-76
97-->[androidx.work:work-runtime:2.9.0] AndroidManifest.xml:86:25-73
98            </intent-filter>
99        </receiver>
100        <receiver
100-->[androidx.work:work-runtime:2.9.0] AndroidManifest.xml:89:9-99:20
101            android:name="androidx.work.impl.background.systemalarm.ConstraintProxy$StorageNotLowProxy"
101-->[androidx.work:work-runtime:2.9.0] AndroidManifest.xml:90:13-104
102            android:directBootAware="false"
102-->[androidx.work:work-runtime:2.9.0] AndroidManifest.xml:91:13-44
103            android:enabled="false"
103-->[androidx.work:work-runtime:2.9.0] AndroidManifest.xml:92:13-36
104            android:exported="false" >
104-->[androidx.work:work-runtime:2.9.0] AndroidManifest.xml:93:13-37
105            <intent-filter>
105-->[androidx.work:work-runtime:2.9.0] AndroidManifest.xml:95:13-98:29
106                <action android:name="android.intent.action.DEVICE_STORAGE_LOW" />
106-->[androidx.work:work-runtime:2.9.0] AndroidManifest.xml:96:17-83
106-->[androidx.work:work-runtime:2.9.0] AndroidManifest.xml:96:25-80
107                <action android:name="android.intent.action.DEVICE_STORAGE_OK" />
107-->[androidx.work:work-runtime:2.9.0] AndroidManifest.xml:97:17-82
107-->[androidx.work:work-runtime:2.9.0] AndroidManifest.xml:97:25-79
108            </intent-filter>
109        </receiver>
110        <receiver
110-->[androidx.work:work-runtime:2.9.0] AndroidManifest.xml:100:9-109:20
111            android:name="androidx.work.impl.background.systemalarm.ConstraintProxy$NetworkStateProxy"
111-->[androidx.work:work-runtime:2.9.0] AndroidManifest.xml:101:13-103
112            android:directBootAware="false"
112-->[androidx.work:work-runtime:2.9.0] AndroidManifest.xml:102:13-44
113            android:enabled="false"
113-->[androidx.work:work-runtime:2.9.0] AndroidManifest.xml:103:13-36
114            android:exported="false" >
114-->[androidx.work:work-runtime:2.9.0] AndroidManifest.xml:104:13-37
115            <intent-filter>
115-->[androidx.work:work-runtime:2.9.0] AndroidManifest.xml:106:13-108:29
116                <action android:name="android.net.conn.CONNECTIVITY_CHANGE" />
116-->[androidx.work:work-runtime:2.9.0] AndroidManifest.xml:107:17-79
116-->[androidx.work:work-runtime:2.9.0] AndroidManifest.xml:107:25-76
117            </intent-filter>
118        </receiver>
119        <receiver
119-->[androidx.work:work-runtime:2.9.0] AndroidManifest.xml:110:9-121:20
120            android:name="androidx.work.impl.background.systemalarm.RescheduleReceiver"
120-->[androidx.work:work-runtime:2.9.0] AndroidManifest.xml:111:13-88
121            android:directBootAware="false"
121-->[androidx.work:work-runtime:2.9.0] AndroidManifest.xml:112:13-44
122            android:enabled="false"
122-->[androidx.work:work-runtime:2.9.0] AndroidManifest.xml:113:13-36
123            android:exported="false" >
123-->[androidx.work:work-runtime:2.9.0] AndroidManifest.xml:114:13-37
124            <intent-filter>
124-->[androidx.work:work-runtime:2.9.0] AndroidManifest.xml:116:13-120:29
125                <action android:name="android.intent.action.BOOT_COMPLETED" />
125-->[androidx.work:work-runtime:2.9.0] AndroidManifest.xml:117:17-79
125-->[androidx.work:work-runtime:2.9.0] AndroidManifest.xml:117:25-76
126                <action android:name="android.intent.action.TIME_SET" />
126-->[androidx.work:work-runtime:2.9.0] AndroidManifest.xml:118:17-73
126-->[androidx.work:work-runtime:2.9.0] AndroidManifest.xml:118:25-70
127                <action android:name="android.intent.action.TIMEZONE_CHANGED" />
127-->[androidx.work:work-runtime:2.9.0] AndroidManifest.xml:119:17-81
127-->[androidx.work:work-runtime:2.9.0] AndroidManifest.xml:119:25-78
128            </intent-filter>
129        </receiver>
130        <receiver
130-->[androidx.work:work-runtime:2.9.0] AndroidManifest.xml:122:9-131:20
131            android:name="androidx.work.impl.background.systemalarm.ConstraintProxyUpdateReceiver"
131-->[androidx.work:work-runtime:2.9.0] AndroidManifest.xml:123:13-99
132            android:directBootAware="false"
132-->[androidx.work:work-runtime:2.9.0] AndroidManifest.xml:124:13-44
133            android:enabled="@bool/enable_system_alarm_service_default"
133-->[androidx.work:work-runtime:2.9.0] AndroidManifest.xml:125:13-72
134            android:exported="false" >
134-->[androidx.work:work-runtime:2.9.0] AndroidManifest.xml:126:13-37
135            <intent-filter>
135-->[androidx.work:work-runtime:2.9.0] AndroidManifest.xml:128:13-130:29
136                <action android:name="androidx.work.impl.background.systemalarm.UpdateProxies" />
136-->[androidx.work:work-runtime:2.9.0] AndroidManifest.xml:129:17-98
136-->[androidx.work:work-runtime:2.9.0] AndroidManifest.xml:129:25-95
137            </intent-filter>
138        </receiver>
139        <receiver
139-->[androidx.work:work-runtime:2.9.0] AndroidManifest.xml:132:9-142:20
140            android:name="androidx.work.impl.diagnostics.DiagnosticsReceiver"
140-->[androidx.work:work-runtime:2.9.0] AndroidManifest.xml:133:13-78
141            android:directBootAware="false"
141-->[androidx.work:work-runtime:2.9.0] AndroidManifest.xml:134:13-44
142            android:enabled="true"
142-->[androidx.work:work-runtime:2.9.0] AndroidManifest.xml:135:13-35
143            android:exported="true"
143-->[androidx.work:work-runtime:2.9.0] AndroidManifest.xml:136:13-36
144            android:permission="android.permission.DUMP" >
144-->[androidx.work:work-runtime:2.9.0] AndroidManifest.xml:137:13-57
145            <intent-filter>
145-->[androidx.work:work-runtime:2.9.0] AndroidManifest.xml:139:13-141:29
146                <action android:name="androidx.work.diagnostics.REQUEST_DIAGNOSTICS" />
146-->[androidx.work:work-runtime:2.9.0] AndroidManifest.xml:140:17-88
146-->[androidx.work:work-runtime:2.9.0] AndroidManifest.xml:140:25-85
147            </intent-filter>
148        </receiver>
149
150        <service
150-->[androidx.room:room-runtime:2.6.1] AndroidManifest.xml:24:9-28:63
151            android:name="androidx.room.MultiInstanceInvalidationService"
151-->[androidx.room:room-runtime:2.6.1] AndroidManifest.xml:25:13-74
152            android:directBootAware="true"
152-->[androidx.room:room-runtime:2.6.1] AndroidManifest.xml:26:13-43
153            android:exported="false" />
153-->[androidx.room:room-runtime:2.6.1] AndroidManifest.xml:27:13-37
154
155        <receiver
155-->[androidx.profileinstaller:profileinstaller:1.3.1] AndroidManifest.xml:34:9-52:20
156            android:name="androidx.profileinstaller.ProfileInstallReceiver"
156-->[androidx.profileinstaller:profileinstaller:1.3.1] AndroidManifest.xml:35:13-76
157            android:directBootAware="false"
157-->[androidx.profileinstaller:profileinstaller:1.3.1] AndroidManifest.xml:36:13-44
158            android:enabled="true"
158-->[androidx.profileinstaller:profileinstaller:1.3.1] AndroidManifest.xml:37:13-35
159            android:exported="true"
159-->[androidx.profileinstaller:profileinstaller:1.3.1] AndroidManifest.xml:38:13-36
160            android:permission="android.permission.DUMP" >
160-->[androidx.profileinstaller:profileinstaller:1.3.1] AndroidManifest.xml:39:13-57
161            <intent-filter>
161-->[androidx.profileinstaller:profileinstaller:1.3.1] AndroidManifest.xml:40:13-42:29
162                <action android:name="androidx.profileinstaller.action.INSTALL_PROFILE" />
162-->[androidx.profileinstaller:profileinstaller:1.3.1] AndroidManifest.xml:41:17-91
162-->[androidx.profileinstaller:profileinstaller:1.3.1] AndroidManifest.xml:41:25-88
163            </intent-filter>
164            <intent-filter>
164-->[androidx.profileinstaller:profileinstaller:1.3.1] AndroidManifest.xml:43:13-45:29
165                <action android:name="androidx.profileinstaller.action.SKIP_FILE" />
165-->[androidx.profileinstaller:profileinstaller:1.3.1] AndroidManifest.xml:44:17-85
165-->[androidx.profileinstaller:profileinstaller:1.3.1] AndroidManifest.xml:44:25-82
166            </intent-filter>
167            <intent-filter>
167-->[androidx.profileinstaller:profileinstaller:1.3.1] AndroidManifest.xml:46:13-48:29
168                <action android:name="androidx.profileinstaller.action.SAVE_PROFILE" />
168-->[androidx.profileinstaller:profileinstaller:1.3.1] AndroidManifest.xml:47:17-88
168-->[androidx.profileinstaller:profileinstaller:1.3.1] AndroidManifest.xml:47:25-85
169            </intent-filter>
170            <intent-filter>
170-->[androidx.profileinstaller:profileinstaller:1.3.1] AndroidManifest.xml:49:13-51:29
171                <action android:name="androidx.profileinstaller.action.BENCHMARK_OPERATION" />
171-->[androidx.profileinstaller:profileinstaller:1.3.1] AndroidManifest.xml:50:17-95
171-->[androidx.profileinstaller:profileinstaller:1.3.1] AndroidManifest.xml:50:25-92
172            </intent-filter>
173        </receiver>
174    </application>
175
176</manifest>